<?xml version="1.0" encoding="UTF-8"?>
<!-- Generated by org.testng.reporters.JUnitReportReporter -->
<testsuite skipped="0" hostname="LAPTOP-SB048Q3R" name="qaclickacademy.AppiumTest" tests="2" failures="0" timestamp="27 Mar 2019 00:38:09 GMT" time="0.037" errors="0">
  <testcase name="nativeAppAndrid" time="0.005" classname="qaclickacademy.AppiumTest"/>
  <testcase name="IOSApps" time="0.032" classname="qaclickacademy.AppiumTest"/>
</testsuite> <!-- qaclickacademy.AppiumTest -->
