<?xml version="1.0" encoding="UTF-8"?>
<!-- Generated by org.testng.reporters.JUnitReportReporter -->
<testsuite skipped="0" hostname="LAPTOP-SB048Q3R" name="qaclickacademy.SeleniumTest" tests="2" failures="0" timestamp="2023-09-13T13:38:57 EDT" time="0.016" errors="0">
  <testcase name="browserAutomation" time="0.014" classname="qaclickacademy.SeleniumTest"/>
  <testcase name="elementsUi" time="0.002" classname="qaclickacademy.SeleniumTest"/>
</testsuite> <!-- qaclickacademy.SeleniumTest -->
